android/build/outputs/logs/manifest-merger-debug-report.txt
-- Merging decision tree log ---
manifest
ADDED from ICompress/android/AndroidManifest.xml:2:1-30:12
	package
		ADDED from ICompress/android/AndroidManifest.xml:3:5-34
		INJECTED from ICompress/android/AndroidManifest.xml
		INJECTED from ICompress/android/AndroidManifest.xml
	android:versionName
		ADDED from ICompress/android/AndroidManifest.xml:5:5-30
		INJECTED from ICompress/android/AndroidManifest.xml
		INJECTED from ICompress/android/AndroidManifest.xml
	android:versionCode
		ADDED from ICompress/android/AndroidManifest.xml:4:5-28
		INJECTED from ICompress/android/AndroidManifest.xml
		INJECTED from ICompress/android/AndroidManifest.xml
	xmlns:android
		ADDED from ICompress/android/AndroidManifest.xml:2:11-69
uses-sdk
ADDED from ICompress/android/AndroidManifest.xml:7:5-74
	android:targetSdkVersion
		ADDED from ICompress/android/AndroidManifest.xml:7:42-71
		INJECTED from ICompress/android/AndroidManifest.xml
		INJECTED from ICompress/android/AndroidManifest.xml
	android:minSdkVersion
		ADDED from ICompress/android/AndroidManifest.xml:7:15-41
		INJECTED from ICompress/android/AndroidManifest.xml
		INJECTED from ICompress/android/AndroidManifest.xml
uses-permission#android.permission.WRITE_EXTERNAL_STORAGE
ADDED from ICompress/android/AndroidManifest.xml:10:5-81
	android:name
		ADDED from ICompress/android/AndroidManifest.xml:10:22-78
application
ADDED from ICompress/android/AndroidManifest.xml:13:5-28:19
	android:label
		ADDED from ICompress/android/AndroidManifest.xml:16:9-41
	android:allowBackup
		ADDED from ICompress/android/AndroidManifest.xml:14:9-35
	android:icon
		ADDED from ICompress/android/AndroidManifest.xml:15:9-45
	android:theme
		ADDED from ICompress/android/AndroidManifest.xml:17:9-40
activity#com.mygdx.icompress.AndroidLauncher
ADDED from ICompress/android/AndroidManifest.xml:18:9-27:20
	android:screenOrientation
		ADDED from ICompress/android/AndroidManifest.xml:21:13-49
	android:label
		ADDED from ICompress/android/AndroidManifest.xml:20:13-45
	android:configChanges
		ADDED from ICompress/android/AndroidManifest.xml:22:13-83
	android:name
		ADDED from ICompress/android/AndroidManifest.xml:19:13-63
intent-filter#android.intent.action.MAIN+android.intent.category.LAUNCHER
ADDED from ICompress/android/AndroidManifest.xml:23:13-26:29
action#android.intent.action.MAIN
ADDED from ICompress/android/AndroidManifest.xml:24:17-69
	android:name
		ADDED from ICompress/android/AndroidManifest.xml:24:25-66
category#android.intent.category.LAUNCHER
ADDED from ICompress/android/AndroidManifest.xml:25:17-77
	android:name
		ADDED from ICompress/android/AndroidManifest.xml:25:27-74